<?xml version="1.0" encoding="UTF-8"?>
<!-- Generated by org.testng.reporters.JUnitXMLReporter -->
<testsuite hostname="LAPTOP-KO317EUS" ignored="0" name="Default test" tests="4" failures="0" timestamp="2020-03-31T16:09:49 PDT" time="0.05" errors="0">
  <testcase name="@BeforeClass startssss" time="-1.585696189346E9" classname="bing.StartUp">
    <failure type="org.testng.TestNGException" message="
Parameter &amp;apos;browser&amp;apos; is required by BeforeClass on method startssss but has not been marked @Optional or defined
in C:\Users\husky\AppData\Local\Temp\testng-eclipse--244433342\testng-customsuite.xml">
      <![CDATA[org.testng.TestNGException: 
Parameter 'browser' is required by BeforeClass on method startssss but has not been marked @Optional or defined
in C:\Users\husky\AppData\Local\Temp\testng-eclipse--244433342\testng-customsuite.xml
at org.testng.internal.Parameters.createParams(Parameters.java:272)
at org.testng.internal.Parameters.createParametersForMethod(Parameters.java:360)
at org.testng.internal.Parameters.createParameters(Parameters.java:704)
at org.testng.internal.Parameters.createConfigurationParameters(Parameters.java:166)
at org.testng.internal.ConfigInvoker.invokeConfigurations(ConfigInvoker.java:283)
at org.testng.internal.TestMethodWorker.invokeBeforeClassMethods(TestMethodWorker.java:176)
at org.testng.internal.TestMethodWorker.run(TestMethodWorker.java:122)
at java.util.ArrayList.forEach(Unknown Source)
at org.testng.TestRunner.privateRun(TestRunner.java:766)
at org.testng.TestRunner.run(TestRunner.java:587)
at org.testng.SuiteRunner.runTest(SuiteRunner.java:384)
at org.testng.SuiteRunner.runSequentially(SuiteRunner.java:378)
at org.testng.SuiteRunner.privateRun(SuiteRunner.java:337)
at org.testng.SuiteRunner.run(SuiteRunner.java:286)
at org.testng.SuiteRunnerWorker.runSuite(SuiteRunnerWorker.java:53)
at org.testng.SuiteRunnerWorker.run(SuiteRunnerWorker.java:96)
at org.testng.TestNG.runSuitesSequentially(TestNG.java:1187)
at org.testng.TestNG.runSuitesLocally(TestNG.java:1109)
at org.testng.TestNG.runSuites(TestNG.java:1039)
at org.testng.TestNG.run(TestNG.java:1007)
at org.testng.remote.AbstractRemoteTestNG.run(AbstractRemoteTestNG.java:115)
at org.testng.remote.RemoteTestNG.initAndRun(RemoteTestNG.java:251)
at org.testng.remote.RemoteTestNG.main(RemoteTestNG.java:77)
]]>
    </failure>
  </testcase> <!-- @BeforeClass startssss -->
  <testcase name="@AfterClass last" time="-1.585696189379E9" classname="bing.StartUp">
    <skipped/>
  </testcase> <!-- @AfterClass last -->
  <testcase name="dropTest" time="0.0" classname="pages.Mtest">
    <skipped/>
  </testcase> <!-- dropTest -->
  <testcase name="textboxTest" time="0.0" classname="pages.Mtest">
    <skipped/>
  </testcase> <!-- textboxTest -->
  <testcase name="mapssearchTest" time="0.0" classname="pages.Mtest">
    <skipped/>
  </testcase> <!-- mapssearchTest -->
  <testcase name="mapsTest" time="0.0" classname="pages.Mtest">
    <skipped/>
  </testcase> <!-- mapsTest -->
</testsuite> <!-- Default test -->
